# JRE version: Java(TM) SE Runtime Environment (21.0.7+8) (build 21.0.7+8-LTS-245)
# Java VM: Java HotSpot(TM) 64-Bit Server VM (21.0.7+8-LTS-245, mixed mode, sharing, tiered, compressed oops, compressed class ptrs, g1 gc, windows-amd64)
GC Precious Log:
 CardTable entry size: 512
 Card Set container configuration: InlinePtr #cards 4 size 8 Array Of Cards #cards 16 size 48 Howl #buckets 8 coarsen threshold 3686 Howl Bitmap #cards 512 size 80 coarsen threshold 460 Card regions per heap region 1 cards per card region 4096
 CPUs: 12 total, 12 available
 Memory: 16067M
 Large Page Support: Disabled
 NUMA Support: Disabled
 Compressed Oops: Enabled (Zero based)
 Heap Region Size: 2M
 Heap Min Capacity: 8M
 Heap Initial Capacity: 252M
 Heap Max Capacity: 4018M
 Pre-touch: Disabled
 Parallel Workers: 10
 Concurrent Workers: 3
 Concurrent Refinement Workers: 10
 Periodic GC: Disabled
Heap:
 garbage-first heap   total 114688K, used 83326K [0x0000000704e00000, 0x0000000800000000)
  region size 2048K, 20 young (40960K), 2 survivors (4096K)
 Metaspace       used 56202K, committed 58368K, reserved 1114112K
  class space    used 8171K, committed 9280K, reserved 1048576K
GC Heap History (20 events):
Event: 0.987 GC heap before
{Heap before GC invocations=1 (full 0):
 garbage-first heap   total 258048K, used 35376K [0x0000000704e00000, 0x0000000800000000)
  region size 2048K, 14 young (28672K), 2 survivors (4096K)
 Metaspace       used 4593K, committed 4800K, reserved 1114112K
  class space    used 576K, committed 704K, reserved 1048576K
}
Event: 0.990 GC heap after
{Heap after GC invocations=2 (full 0):
 garbage-first heap   total 258048K, used 12241K [0x0000000704e00000, 0x0000000800000000)
  region size 2048K, 1 young (2048K), 1 survivors (2048K)
 Metaspace       used 4593K, committed 4800K, reserved 1114112K
  class space    used 576K, committed 704K, reserved 1048576K
}
Event: 3.845 GC heap before
{Heap before GC invocations=2 (full 0):
 garbage-first heap   total 258048K, used 98257K [0x0000000704e00000, 0x0000000800000000)
  region size 2048K, 44 young (90112K), 1 survivors (2048K)
 Metaspace       used 17056K, committed 17536K, reserved 1114112K
  class space    used 2281K, committed 2496K, reserved 1048576K
}
Event: 3.858 GC heap after
{Heap after GC invocations=3 (full 0):
 garbage-first heap   total 258048K, used 21978K [0x0000000704e00000, 0x0000000800000000)
  region size 2048K, 6 young (12288K), 6 survivors (12288K)
 Metaspace       used 17056K, committed 17536K, reserved 1114112K
  class space    used 2281K, committed 2496K, reserved 1048576K
}
Event: 5.049 GC heap before
{Heap before GC invocations=3 (full 0):
 garbage-first heap   total 258048K, used 52698K [0x0000000704e00000, 0x0000000800000000)
  region size 2048K, 22 young (45056K), 6 survivors (12288K)
 Metaspace       used 20896K, committed 21504K, reserved 1114112K
  class space    used 2906K, committed 3200K, reserved 1048576K
}
Event: 5.060 GC heap after
{Heap after GC invocations=4 (full 0):
 garbage-first heap   total 258048K, used 24531K [0x0000000704e00000, 0x0000000800000000)
  region size 2048K, 7 young (14336K), 7 survivors (14336K)
 Metaspace       used 20896K, committed 21504K, reserved 1114112K
  class space    used 2906K, committed 3200K, reserved 1048576K
}
Event: 7.527 GC heap before
{Heap before GC invocations=5 (full 0):
 garbage-first heap   total 96256K, used 94163K [0x0000000704e00000, 0x0000000800000000)
  region size 2048K, 41 young (83968K), 7 survivors (14336K)
 Metaspace       used 29750K, committed 31040K, reserved 1114112K
  class space    used 4340K, committed 4992K, reserved 1048576K
}
Event: 7.543 GC heap after
{Heap after GC invocations=6 (full 0):
 garbage-first heap   total 114688K, used 28151K [0x0000000704e00000, 0x0000000800000000)
  region size 2048K, 4 young (8192K), 4 survivors (8192K)
 Metaspace       used 29750K, committed 31040K, reserved 1114112K
  class space    used 4340K, committed 4992K, reserved 1048576K
}
Event: 8.457 GC heap before
{Heap before GC invocations=6 (full 0):
 garbage-first heap   total 114688K, used 56823K [0x0000000704e00000, 0x0000000800000000)
  region size 2048K, 20 young (40960K), 4 survivors (8192K)
 Metaspace       used 34614K, committed 35968K, reserved 1114112K
  class space    used 4922K, committed 5632K, reserved 1048576K
}
Event: 8.469 GC heap after
{Heap after GC invocations=7 (full 0):
 garbage-first heap   total 114688K, used 30783K [0x0000000704e00000, 0x0000000800000000)
  region size 2048K, 4 young (8192K), 4 survivors (8192K)
 Metaspace       used 34614K, committed 35968K, reserved 1114112K
  class space    used 4922K, committed 5632K, reserved 1048576K
}
Event: 8.531 GC heap before
{Heap before GC invocations=7 (full 0):
 garbage-first heap   total 114688K, used 32831K [0x0000000704e00000, 0x0000000800000000)
  region size 2048K, 6 young (12288K), 4 survivors (8192K)
 Metaspace       used 34939K, committed 36288K, reserved 1114112K
  class space    used 4968K, committed 5632K, reserved 1048576K
}
Event: 8.539 GC heap after
{Heap after GC invocations=8 (full 0):
 garbage-first heap   total 114688K, used 31346K [0x0000000704e00000, 0x0000000800000000)
  region size 2048K, 2 young (4096K), 2 survivors (4096K)
 Metaspace       used 34939K, committed 36288K, reserved 1114112K
  class space    used 4968K, committed 5632K, reserved 1048576K
}
Event: 10.637 GC heap before
{Heap before GC invocations=9 (full 0):
 garbage-first heap   total 114688K, used 94834K [0x0000000704e00000, 0x0000000800000000)
  region size 2048K, 33 young (67584K), 2 survivors (4096K)
 Metaspace       used 41951K, committed 43776K, reserved 1114112K
  class space    used 6160K, committed 7104K, reserved 1048576K
}
Event: 10.648 GC heap after
{Heap after GC invocations=10 (full 0):
 garbage-first heap   total 114688K, used 35601K [0x0000000704e00000, 0x0000000800000000)
  region size 2048K, 4 young (8192K), 4 survivors (8192K)
 Metaspace       used 41951K, committed 43776K, reserved 1114112K
  class space    used 6160K, committed 7104K, reserved 1048576K
}
Event: 12.776 GC heap before
{Heap before GC invocations=10 (full 0):
 garbage-first heap   total 114688K, used 94993K [0x0000000704e00000, 0x0000000800000000)
  region size 2048K, 33 young (67584K), 4 survivors (8192K)
 Metaspace       used 47241K, committed 49152K, reserved 1114112K
  class space    used 6994K, committed 7936K, reserved 1048576K
}
Event: 12.789 GC heap after
{Heap after GC invocations=11 (full 0):
 garbage-first heap   total 114688K, used 38235K [0x0000000704e00000, 0x0000000800000000)
  region size 2048K, 4 young (8192K), 4 survivors (8192K)
 Metaspace       used 47241K, committed 49152K, reserved 1114112K
  class space    used 6994K, committed 7936K, reserved 1048576K
}
Event: 15.230 GC heap before
{Heap before GC invocations=11 (full 0):
 garbage-first heap   total 114688K, used 97627K [0x0000000704e00000, 0x0000000800000000)
  region size 2048K, 33 young (67584K), 4 survivors (8192K)
 Metaspace       used 52374K, committed 54528K, reserved 1114112K
  class space    used 7828K, committed 8896K, reserved 1048576K
}
Event: 15.245 GC heap after
{Heap after GC invocations=12 (full 0):
 garbage-first heap   total 114688K, used 44562K [0x0000000704e00000, 0x0000000800000000)
  region size 2048K, 5 young (10240K), 5 survivors (10240K)
 Metaspace       used 52374K, committed 54528K, reserved 1114112K
  class space    used 7828K, committed 8896K, reserved 1048576K
}
Event: 17.983 GC heap before
{Heap before GC invocations=12 (full 0):
 garbage-first heap   total 114688K, used 95762K [0x0000000704e00000, 0x0000000800000000)
  region size 2048K, 30 young (61440K), 5 survivors (10240K)
 Metaspace       used 55471K, committed 57600K, reserved 1114112K
  class space    used 8133K, committed 9216K, reserved 1048576K
}
Event: 17.995 GC heap after
{Heap after GC invocations=13 (full 0):
 garbage-first heap   total 114688K, used 48510K [0x0000000704e00000, 0x0000000800000000)
  region size 2048K, 2 young (4096K), 2 survivors (4096K)
 Metaspace       used 55471K, committed 57600K, reserved 1114112K
  class space    used 8133K, committed 9216K, reserved 1048576K
}

