# JRE version: Java(TM) SE Runtime Environment (21.0.7+8) (build 21.0.7+8-LTS-245)
# Java VM: Java HotSpot(TM) 64-Bit Server VM (21.0.7+8-LTS-245, mixed mode, sharing, tiered, compressed oops, compressed class ptrs, g1 gc, windows-amd64)
GC Precious Log:
 CardTable entry size: 512
 Card Set container configuration: InlinePtr #cards 4 size 8 Array Of Cards #cards 16 size 48 Howl #buckets 8 coarsen threshold 3686 Howl Bitmap #cards 512 size 80 coarsen threshold 460 Card regions per heap region 1 cards per card region 4096
 CPUs: 12 total, 12 available
 Memory: 16067M
 Large Page Support: Disabled
 NUMA Support: Disabled
 Compressed Oops: Enabled (Zero based)
 Heap Region Size: 2M
 Heap Min Capacity: 8M
 Heap Initial Capacity: 252M
 Heap Max Capacity: 4018M
 Pre-touch: Disabled
 Parallel Workers: 10
 Concurrent Workers: 3
 Concurrent Refinement Workers: 10
 Periodic GC: Disabled
Heap:
 garbage-first heap   total 114688K, used 76835K [0x0000000704e00000, 0x0000000800000000)
  region size 2048K, 25 young (51200K), 4 survivors (8192K)
 Metaspace       used 49642K, committed 51456K, reserved 1114112K
  class space    used 7089K, committed 8000K, reserved 1048576K
GC Heap History (14 events):
Event: 0.968 GC heap before
{Heap before GC invocations=0 (full 0):
 garbage-first heap   total 258048K, used 26624K [0x0000000704e00000, 0x0000000800000000)
  region size 2048K, 11 young (22528K), 0 survivors (0K)
 Metaspace       used 2540K, committed 2752K, reserved 1114112K
  class space    used 282K, committed 384K, reserved 1048576K
}
Event: 0.977 GC heap after
{Heap after GC invocations=1 (full 0):
 garbage-first heap   total 258048K, used 10803K [0x0000000704e00000, 0x0000000800000000)
  region size 2048K, 2 young (4096K), 2 survivors (4096K)
 Metaspace       used 2540K, committed 2752K, reserved 1114112K
  class space    used 282K, committed 384K, reserved 1048576K
}
Event: 1.400 GC heap before
{Heap before GC invocations=1 (full 0):
 garbage-first heap   total 258048K, used 35379K [0x0000000704e00000, 0x0000000800000000)
  region size 2048K, 14 young (28672K), 2 survivors (4096K)
 Metaspace       used 4609K, committed 4800K, reserved 1114112K
  class space    used 578K, committed 704K, reserved 1048576K
}
Event: 1.404 GC heap after
{Heap after GC invocations=2 (full 0):
 garbage-first heap   total 258048K, used 12374K [0x0000000704e00000, 0x0000000800000000)
  region size 2048K, 1 young (2048K), 1 survivors (2048K)
 Metaspace       used 4609K, committed 4800K, reserved 1114112K
  class space    used 578K, committed 704K, reserved 1048576K
}
Event: 2.892 GC heap before
{Heap before GC invocations=2 (full 0):
 garbage-first heap   total 258048K, used 94294K [0x0000000704e00000, 0x0000000800000000)
  region size 2048K, 42 young (86016K), 1 survivors (2048K)
 Metaspace       used 16264K, committed 16704K, reserved 1114112K
  class space    used 2154K, committed 2368K, reserved 1048576K
}
Event: 2.902 GC heap after
{Heap after GC invocations=3 (full 0):
 garbage-first heap   total 258048K, used 22409K [0x0000000704e00000, 0x0000000800000000)
  region size 2048K, 6 young (12288K), 6 survivors (12288K)
 Metaspace       used 16264K, committed 16704K, reserved 1114112K
  class space    used 2154K, committed 2368K, reserved 1048576K
}
Event: 3.508 GC heap before
{Heap before GC invocations=3 (full 0):
 garbage-first heap   total 258048K, used 57225K [0x0000000704e00000, 0x0000000800000000)
  region size 2048K, 24 young (49152K), 6 survivors (12288K)
 Metaspace       used 20888K, committed 21504K, reserved 1114112K
  class space    used 2911K, committed 3200K, reserved 1048576K
}
Event: 3.516 GC heap after
{Heap after GC invocations=4 (full 0):
 garbage-first heap   total 258048K, used 24688K [0x0000000704e00000, 0x0000000800000000)
  region size 2048K, 7 young (14336K), 7 survivors (14336K)
 Metaspace       used 20888K, committed 21504K, reserved 1114112K
  class space    used 2911K, committed 3200K, reserved 1048576K
}
Event: 5.476 GC heap before
{Heap before GC invocations=5 (full 0):
 garbage-first heap   total 96256K, used 94320K [0x0000000704e00000, 0x0000000800000000)
  region size 2048K, 41 young (83968K), 7 survivors (14336K)
 Metaspace       used 29585K, committed 30848K, reserved 1114112K
  class space    used 4314K, committed 4928K, reserved 1048576K
}
Event: 5.494 GC heap after
{Heap after GC invocations=6 (full 0):
 garbage-first heap   total 114688K, used 28588K [0x0000000704e00000, 0x0000000800000000)
  region size 2048K, 4 young (8192K), 4 survivors (8192K)
 Metaspace       used 29585K, committed 30848K, reserved 1114112K
  class space    used 4314K, committed 4928K, reserved 1048576K
}
Event: 6.353 GC heap before
{Heap before GC invocations=6 (full 0):
 garbage-first heap   total 114688K, used 57260K [0x0000000704e00000, 0x0000000800000000)
  region size 2048K, 20 young (40960K), 4 survivors (8192K)
 Metaspace       used 34606K, committed 36032K, reserved 1114112K
  class space    used 4922K, committed 5632K, reserved 1048576K
}
Event: 6.360 GC heap after
{Heap after GC invocations=7 (full 0):
 garbage-first heap   total 114688K, used 31233K [0x0000000704e00000, 0x0000000800000000)
  region size 2048K, 4 young (8192K), 4 survivors (8192K)
 Metaspace       used 34606K, committed 36032K, reserved 1114112K
  class space    used 4922K, committed 5632K, reserved 1048576K
}
Event: 8.281 GC heap before
{Heap before GC invocations=8 (full 0):
 garbage-first heap   total 114688K, used 90625K [0x0000000704e00000, 0x0000000800000000)
  region size 2048K, 33 young (67584K), 4 survivors (8192K)
 Metaspace       used 41277K, committed 43008K, reserved 1114112K
  class space    used 6046K, committed 6912K, reserved 1048576K
}
Event: 8.296 GC heap after
{Heap after GC invocations=9 (full 0):
 garbage-first heap   total 114688K, used 35875K [0x0000000704e00000, 0x0000000800000000)
  region size 2048K, 4 young (8192K), 4 survivors (8192K)
 Metaspace       used 41277K, committed 43008K, reserved 1114112K
  class space    used 6046K, committed 6912K, reserved 1048576K
}

